Arguments: 
  /Users/paulohenriquepachecobotelho/.nvm/versions/node/v13.1.0/bin/node /usr/local/Cellar/yarn/1.13.0/libexec/bin/yarn.js dev

PATH: 
  /Users/paulohenriquepachecobotelho/.nvm/versions/node/v13.1.0/bin:/usr/local/bin:/usr/bin:/bin:/usr/sbin:/sbin:/Users/paulohenriquepachecobotelho/Dev/frontdriver:/Users/paulohenriquepachecobotelho/.nvm/versions/node/v13.1.0/bin:/Users/paulohenriquepachecobotelho/Dev/flutter/bin:/Users/paulohenriquepachecobotelho/.node_local:/Users/paulohenriquepachecobotelho/Dev/flutter/bin:/Users/paulohenriquepachecobotelho/.node_local

Yarn version: 
  1.13.0

Node version: 
  13.1.0

Platform: 
  darwin x64

Trace: 
  SyntaxError: /Users/paulohenriquepachecobotelho/Dev/netlify/nodejs-to-netlify/package.json: Unexpected string in JSON at position 143
      at JSON.parse (<anonymous>)
      at /usr/local/Cellar/yarn/1.13.0/libexec/lib/cli.js:1625:59
      at Generator.next (<anonymous>)
      at step (/usr/local/Cellar/yarn/1.13.0/libexec/lib/cli.js:304:30)
      at /usr/local/Cellar/yarn/1.13.0/libexec/lib/cli.js:315:13

npm manifest: 
  {
    "name": "cookies-api",
    "version": "1.0.0",
    "description": "",
    "main": "index.js",
    "scripts": {
      "dev": "nodemon src/api/js"
      "start": "netlify-lambda serve src",
      "build": "netlify-lambda build src"
    },
    "repository": {
      "type": "git",
      "url": "git+https://github.com/phzao/nodejs-to-netlify.git"
    },
    "keywords": [],
    "author": "",
    "license": "ISC",
    "bugs": {
      "url": "https://github.com/phzao/nodejs-to-netlify/issues"
    },
    "homepage": "https://github.com/phzao/nodejs-to-netlify#readme",
    "dependencies": {
      "body-parser": "^1.19.0",
      "cors": "^2.8.5",
      "debug": "^4.1.1",
      "express": "^4.17.1",
      "guid": "0.0.12",
      "http": "0.0.0",
      "md5": "^2.2.1",
      "mongoose": "^5.7.5",
      "netlify-lambda": "^1.6.3",
      "sendgrid": "^2.0.0",
      "serverless-http": "^2.3.2"
    },
    "devDependencies": {
      "dotenv-webpack": "^1.7.0",
      "nodemon": "^1.19.4"
    }
  }

yarn manifest: 
  No manifest

Lockfile: 
  No lockfile
